<?xml version="1.0" encoding="UTF-8"?>
<!-- Generated by org.testng.reporters.JUnitReportReporter -->
<testsuite hostname="Sidan" failures="0" tests="1" name="com.ait.demoqa.tests.bookStore.LoginPageTests" time="7.680" errors="0" timestamp="2023-10-09T20:49:30 MESZ" skipped="0">
  <testcase classname="com.ait.demoqa.tests.bookStore.LoginPageTests" name="loginPositiveTest" time="7.680"/>
</testsuite> <!-- com.ait.demoqa.tests.bookStore.LoginPageTests -->
